[31/10/14 10:26:27:027 IST]  INFO cfg.Environment: Hibernate 3.0rc1
[31/10/14 10:26:27:027 IST]  INFO cfg.Environment: hibernate.properties not found
[31/10/14 10:26:27:027 IST]  INFO cfg.Environment: using CGLIB reflection optimizer
[31/10/14 10:26:27:027 IST]  INFO cfg.Environment: using JDK 1.4 java.sql.Timestamp handling
[31/10/14 10:26:27:027 IST]  INFO cfg.Configuration: configuring from resource: /hibernate.cfg.xml
[31/10/14 10:26:27:027 IST]  INFO cfg.Configuration: Configuration resource: /hibernate.cfg.xml
[31/10/14 10:26:28:028 IST] DEBUG cfg.Configuration: hibernate.dialect=org.hibernate.dialect.OracleDialect
[31/10/14 10:26:28:028 IST] DEBUG cfg.Configuration: hibernate.connection.driver_class=oracle.jdbc.driver.OracleDriver
[31/10/14 10:26:28:028 IST] DEBUG cfg.Configuration: hibernate.connection.url=jdbc:oracle:thin:@ma-india238:1522:ORA11GIN
[31/10/14 10:26:28:028 IST] DEBUG cfg.Configuration: hibernate.connection.username=MARKDEV
[31/10/14 10:26:28:028 IST] DEBUG cfg.Configuration: hibernate.connection.password=MARKDEV
[31/10/14 10:26:28:028 IST] DEBUG cfg.Configuration: null<-org.dom4j.tree.DefaultAttribute@277018cf [Attribute: name resource value "Employee.hbm.xml"]
[31/10/14 10:26:28:028 IST]  INFO cfg.Configuration: Mapping resource: Employee.hbm.xml
[31/10/14 10:26:28:028 IST] DEBUG util.DTDEntityResolver: trying to locate http://hibernate.sourceforge.net/hibernate-mapping-3.0.dtd in classpath under org/hibernate/
[31/10/14 10:26:28:028 IST] DEBUG util.DTDEntityResolver: found http://hibernate.sourceforge.net/hibernate-mapping-3.0.dtd in classpath
[31/10/14 10:26:28:028 IST]  INFO cfg.HbmBinder: Mapping class: model.entities.Employee -> EMPLOYEE
[31/10/14 10:26:28:028 IST] DEBUG cfg.HbmBinder: Mapped property: eid -> eid
[31/10/14 10:26:28:028 IST] DEBUG cfg.HbmBinder: Mapped property: first_name -> FIRST_NAME
[31/10/14 10:26:28:028 IST] DEBUG cfg.HbmBinder: Mapped property: last_name -> LAST_NAME
[31/10/14 10:26:28:028 IST] DEBUG cfg.HbmBinder: Mapped property: salary -> SALARY
[31/10/14 10:26:28:028 IST] DEBUG cfg.HbmBinder: Mapped property: phone -> PHONE
[31/10/14 10:26:28:028 IST]  INFO cfg.Configuration: Configured SessionFactory: null
[31/10/14 10:26:28:028 IST] DEBUG cfg.Configuration: properties: {hibernate.connection.password=MARKDEV, java.runtime.name=Java(TM) SE Runtime Environment, sun.boot.library.path=C:\Program Files\Java\jre7\bin, java.vm.version=24.65-b04, hibernate.connection.username=MARKDEV, java.vm.vendor=Oracle Corporation, java.vendor.url=http://java.oracle.com/, path.separator=;, java.vm.name=Java HotSpot(TM) 64-Bit Server VM, file.encoding.pkg=sun.io, user.script=, user.country=US, sun.java.launcher=SUN_STANDARD, sun.os.patch.level=Service Pack 1, java.vm.specification.name=Java Virtual Machine Specification, user.dir=C:\Users\smpatel\workspace\2014-10-24_Hibernate, java.runtime.version=1.7.0_67-b01, java.awt.graphicsenv=sun.awt.Win32GraphicsEnvironment, java.endorsed.dirs=C:\Program Files\Java\jre7\lib\endorsed, os.arch=amd64, java.io.tmpdir=C:\Users\smpatel\AppData\Local\Temp\, line.separator=
, java.vm.specification.vendor=Oracle Corporation, user.variant=, os.name=Windows 7, sun.jnu.encoding=Cp1252, java.library.path=C:\Program Files\Java\jre7\bin;C:\windows\Sun\Java\bin;C:\windows\system32;C:\windows;C:\windows\system32;C:\windows;C:\windows\System32\Wbem;C:\windows\System32\WindowsPowerShell\v1.0\;C:\windows\System32\WindowsPowerShell\v1.0\;C:\windows\System32\WindowsPowerShell\v1.0\;C:\Program Files\TortoiseGit\bin;C:\Ant\bin;C:\Users\smpatel\Downloads\Eclipse and Groovy\sqldeveloper\jdk\jre\bin\;C:\Program Files\Java\jdk1.7.0_67\bin;C:\grails-2.4.3\bin;C:\MA\bootstrap;C:\TLM_MA\bootstrap;., java.specification.name=Java Platform API Specification, java.class.version=51.0, sun.management.compiler=HotSpot 64-Bit Tiered Compilers, os.version=6.1, user.home=C:\Users\smpatel, user.timezone=Asia/Calcutta, java.awt.printerjob=sun.awt.windows.WPrinterJob, file.encoding=Cp1252, java.specification.version=1.7, hibernate.connection.driver_class=oracle.jdbc.driver.OracleDriver, java.class.path=C:\Users\smpatel\workspace\2014-10-24_Hibernate\bin;C:\Users\smpatel\workspace\2014-10-24_Hibernate\lib\ant-1.6.2.jar;C:\Users\smpatel\workspace\2014-10-24_Hibernate\lib\ant-antlr-1.6.2.jar;C:\Users\smpatel\workspace\2014-10-24_Hibernate\lib\ant-junit-1.6.2.jar;C:\Users\smpatel\workspace\2014-10-24_Hibernate\lib\ant-launcher-1.6.2.jar;C:\Users\smpatel\workspace\2014-10-24_Hibernate\lib\ant-swing-1.6.2.jar;C:\Users\smpatel\workspace\2014-10-24_Hibernate\lib\antlr-2.7.4.jar;C:\Users\smpatel\workspace\2014-10-24_Hibernate\lib\c3p0-0.8.5.jar;C:\Users\smpatel\workspace\2014-10-24_Hibernate\lib\cglib-full-2.0.2.jar;C:\Users\smpatel\workspace\2014-10-24_Hibernate\lib\commons-collections-2.1.1.jar;C:\Users\smpatel\workspace\2014-10-24_Hibernate\lib\commons-logging-1.0.4.jar;C:\Users\smpatel\workspace\2014-10-24_Hibernate\lib\concurrent-1.3.2.jar;C:\Users\smpatel\workspace\2014-10-24_Hibernate\lib\connector.jar;C:\Users\smpatel\workspace\2014-10-24_Hibernate\lib\dom4j-1.5.2.jar;C:\Users\smpatel\workspace\2014-10-24_Hibernate\lib\ehcache-1.1.jar;C:\Users\smpatel\workspace\2014-10-24_Hibernate\lib\hibernate3.jar;C:\Users\smpatel\workspace\2014-10-24_Hibernate\lib\jdbc2_0-stdext.jar;C:\Users\smpatel\workspace\2014-10-24_Hibernate\lib\jta.jar;C:\Users\smpatel\workspace\2014-10-24_Hibernate\lib\log4j-1.2.9.jar;C:\Users\smpatel\workspace\2014-10-24_Hibernate\lib\xerces-2.6.2.jar;C:\Users\smpatel\workspace\2014-10-24_Hibernate\lib\xml-apis.jar;C:\Users\smpatel\workspace\2014-10-24_Hibernate\ojdbc6.jar, user.name=smpatel, java.vm.specification.version=1.7, sun.java.command=mainpack.MainApp, java.home=C:\Program Files\Java\jre7, sun.arch.data.model=64, hibernate.connection.url=jdbc:oracle:thin:@ma-india238:1522:ORA11GIN, hibernate.dialect=org.hibernate.dialect.OracleDialect, user.language=en, java.specification.vendor=Oracle Corporation, awt.toolkit=sun.awt.windows.WToolkit, hibernate.cglib.use_reflection_optimizer=true, java.vm.info=mixed mode, java.version=1.7.0_67, java.ext.dirs=C:\Program Files\Java\jre7\lib\ext;C:\windows\Sun\Java\lib\ext, sun.boot.class.path=C:\Program Files\Java\jre7\lib\resources.jar;C:\Program Files\Java\jre7\lib\rt.jar;C:\Program Files\Java\jre7\lib\sunrsasign.jar;C:\Program Files\Java\jre7\lib\jsse.jar;C:\Program Files\Java\jre7\lib\jce.jar;C:\Program Files\Java\jre7\lib\charsets.jar;C:\Program Files\Java\jre7\lib\jfr.jar;C:\Program Files\Java\jre7\classes, java.vendor=Oracle Corporation, file.separator=\, java.vendor.url.bug=http://bugreport.sun.com/bugreport/, sun.io.unicode.encoding=UnicodeLittle, sun.cpu.endian=little, sun.desktop=windows, sun.cpu.isalist=amd64}
[31/10/14 10:26:28:028 IST] DEBUG cfg.Configuration: Preparing to build session factory with filters : {}
[31/10/14 10:26:28:028 IST]  INFO cfg.Configuration: processing extends queue
[31/10/14 10:26:28:028 IST]  INFO cfg.Configuration: processing collection mappings
[31/10/14 10:26:28:028 IST]  INFO cfg.Configuration: processing association property references
[31/10/14 10:26:28:028 IST]  INFO cfg.Configuration: processing foreign key constraints
[31/10/14 10:26:28:028 IST]  INFO dialect.Dialect: Using dialect: org.hibernate.dialect.OracleDialect
[31/10/14 10:26:28:028 IST] DEBUG exception.SQLExceptionConverterFactory: Using dialect defined converter
[31/10/14 10:26:28:028 IST]  INFO cfg.SettingsFactory: Default batch fetch size: 1
[31/10/14 10:26:28:028 IST]  INFO cfg.SettingsFactory: Generate SQL with comments: disabled
[31/10/14 10:26:28:028 IST]  INFO cfg.SettingsFactory: Order SQL updates by primary key: disabled
[31/10/14 10:26:28:028 IST]  INFO cfg.SettingsFactory: Query translator: org.hibernate.hql.ast.ASTQueryTranslatorFactory
[31/10/14 10:26:28:028 IST]  INFO ast.ASTQueryTranslatorFactory: Using ASTQueryTranslatorFactory
[31/10/14 10:26:28:028 IST]  INFO cfg.SettingsFactory: Query language substitutions: {}
[31/10/14 10:26:28:028 IST]  INFO connection.DriverManagerConnectionProvider: Using Hibernate built-in connection pool (not for production use!)
[31/10/14 10:26:28:028 IST]  INFO connection.DriverManagerConnectionProvider: Hibernate connection pool size: 20
[31/10/14 10:26:28:028 IST]  INFO connection.DriverManagerConnectionProvider: autocommit mode: false
[31/10/14 10:26:28:028 IST]  INFO connection.DriverManagerConnectionProvider: using driver: oracle.jdbc.driver.OracleDriver at URL: jdbc:oracle:thin:@ma-india238:1522:ORA11GIN
[31/10/14 10:26:28:028 IST]  INFO connection.DriverManagerConnectionProvider: connection properties: {user=MARKDEV, password=MARKDEV}
[31/10/14 10:26:28:028 IST] DEBUG connection.DriverManagerConnectionProvider: total checked-out connections: 0
[31/10/14 10:26:28:028 IST] DEBUG connection.DriverManagerConnectionProvider: opening new JDBC connection
[31/10/14 10:26:29:029 IST] DEBUG connection.DriverManagerConnectionProvider: created connection to: jdbc:oracle:thin:@ma-india238:1522:ORA11GIN, Isolation Level: 2
[31/10/14 10:26:29:029 IST] DEBUG connection.DriverManagerConnectionProvider: returning connection to pool, pool size: 1
[31/10/14 10:26:29:029 IST]  INFO cfg.SettingsFactory: JDBC batch size: 15
[31/10/14 10:26:29:029 IST]  INFO cfg.SettingsFactory: JDBC batch updates for versioned data: disabled
[31/10/14 10:26:29:029 IST]  INFO cfg.SettingsFactory: Scrollable result sets: enabled
[31/10/14 10:26:29:029 IST] DEBUG cfg.SettingsFactory: Wrap result sets: disabled
[31/10/14 10:26:29:029 IST]  INFO cfg.SettingsFactory: JDBC3 getGeneratedKeys(): enabled
[31/10/14 10:26:29:029 IST]  INFO transaction.TransactionFactoryFactory: Using default transaction strategy (direct JDBC transactions)
[31/10/14 10:26:29:029 IST]  INFO transaction.TransactionManagerLookupFactory: No TransactionManagerLookup configured (in JTA environment, use of read-write or transactional second-level cache is not recommended)
[31/10/14 10:26:29:029 IST]  INFO cfg.SettingsFactory: Automatic flush during beforeCompletion(): disabled
[31/10/14 10:26:29:029 IST]  INFO cfg.SettingsFactory: Automatic session close at end of transaction: disabled
[31/10/14 10:26:29:029 IST]  INFO cfg.SettingsFactory: Cache provider: org.hibernate.cache.EhCacheProvider
[31/10/14 10:26:29:029 IST]  INFO cfg.SettingsFactory: Second-level cache: enabled
[31/10/14 10:26:29:029 IST]  INFO cfg.SettingsFactory: Optimize cache for minimal puts: disabled
[31/10/14 10:26:29:029 IST]  INFO cfg.SettingsFactory: Structured second-level cache entries: enabled
[31/10/14 10:26:29:029 IST]  INFO cfg.SettingsFactory: Query cache: disabled
[31/10/14 10:26:29:029 IST]  INFO cfg.SettingsFactory: Statistics: disabled
[31/10/14 10:26:29:029 IST]  INFO cfg.SettingsFactory: Deleted entity synthetic identifier rollback: disabled
[31/10/14 10:26:29:029 IST]  INFO cfg.SettingsFactory: Default entity-mode: pojo
[31/10/14 10:26:29:029 IST]  INFO impl.SessionFactoryImpl: building session factory
[31/10/14 10:26:29:029 IST] DEBUG impl.SessionFactoryImpl: Session factory constructed with filter configurations : {}
[31/10/14 10:26:29:029 IST] DEBUG impl.SessionFactoryImpl: instantiating session factory with properties: {hibernate.connection.password=MARKDEV, java.runtime.name=Java(TM) SE Runtime Environment, sun.boot.library.path=C:\Program Files\Java\jre7\bin, java.vm.version=24.65-b04, hibernate.connection.username=MARKDEV, java.vm.vendor=Oracle Corporation, java.vendor.url=http://java.oracle.com/, path.separator=;, java.vm.name=Java HotSpot(TM) 64-Bit Server VM, file.encoding.pkg=sun.io, user.script=, user.country=US, sun.java.launcher=SUN_STANDARD, sun.os.patch.level=Service Pack 1, java.vm.specification.name=Java Virtual Machine Specification, user.dir=C:\Users\smpatel\workspace\2014-10-24_Hibernate, java.runtime.version=1.7.0_67-b01, java.awt.graphicsenv=sun.awt.Win32GraphicsEnvironment, java.endorsed.dirs=C:\Program Files\Java\jre7\lib\endorsed, os.arch=amd64, java.io.tmpdir=C:\Users\smpatel\AppData\Local\Temp\, line.separator=
, java.vm.specification.vendor=Oracle Corporation, user.variant=, os.name=Windows 7, sun.jnu.encoding=Cp1252, java.library.path=C:\Program Files\Java\jre7\bin;C:\windows\Sun\Java\bin;C:\windows\system32;C:\windows;C:\windows\system32;C:\windows;C:\windows\System32\Wbem;C:\windows\System32\WindowsPowerShell\v1.0\;C:\windows\System32\WindowsPowerShell\v1.0\;C:\windows\System32\WindowsPowerShell\v1.0\;C:\Program Files\TortoiseGit\bin;C:\Ant\bin;C:\Users\smpatel\Downloads\Eclipse and Groovy\sqldeveloper\jdk\jre\bin\;C:\Program Files\Java\jdk1.7.0_67\bin;C:\grails-2.4.3\bin;C:\MA\bootstrap;C:\TLM_MA\bootstrap;., java.specification.name=Java Platform API Specification, java.class.version=51.0, sun.management.compiler=HotSpot 64-Bit Tiered Compilers, os.version=6.1, user.home=C:\Users\smpatel, user.timezone=Asia/Calcutta, java.awt.printerjob=sun.awt.windows.WPrinterJob, file.encoding=Cp1252, java.specification.version=1.7, hibernate.connection.driver_class=oracle.jdbc.driver.OracleDriver, java.class.path=C:\Users\smpatel\workspace\2014-10-24_Hibernate\bin;C:\Users\smpatel\workspace\2014-10-24_Hibernate\lib\ant-1.6.2.jar;C:\Users\smpatel\workspace\2014-10-24_Hibernate\lib\ant-antlr-1.6.2.jar;C:\Users\smpatel\workspace\2014-10-24_Hibernate\lib\ant-junit-1.6.2.jar;C:\Users\smpatel\workspace\2014-10-24_Hibernate\lib\ant-launcher-1.6.2.jar;C:\Users\smpatel\workspace\2014-10-24_Hibernate\lib\ant-swing-1.6.2.jar;C:\Users\smpatel\workspace\2014-10-24_Hibernate\lib\antlr-2.7.4.jar;C:\Users\smpatel\workspace\2014-10-24_Hibernate\lib\c3p0-0.8.5.jar;C:\Users\smpatel\workspace\2014-10-24_Hibernate\lib\cglib-full-2.0.2.jar;C:\Users\smpatel\workspace\2014-10-24_Hibernate\lib\commons-collections-2.1.1.jar;C:\Users\smpatel\workspace\2014-10-24_Hibernate\lib\commons-logging-1.0.4.jar;C:\Users\smpatel\workspace\2014-10-24_Hibernate\lib\concurrent-1.3.2.jar;C:\Users\smpatel\workspace\2014-10-24_Hibernate\lib\connector.jar;C:\Users\smpatel\workspace\2014-10-24_Hibernate\lib\dom4j-1.5.2.jar;C:\Users\smpatel\workspace\2014-10-24_Hibernate\lib\ehcache-1.1.jar;C:\Users\smpatel\workspace\2014-10-24_Hibernate\lib\hibernate3.jar;C:\Users\smpatel\workspace\2014-10-24_Hibernate\lib\jdbc2_0-stdext.jar;C:\Users\smpatel\workspace\2014-10-24_Hibernate\lib\jta.jar;C:\Users\smpatel\workspace\2014-10-24_Hibernate\lib\log4j-1.2.9.jar;C:\Users\smpatel\workspace\2014-10-24_Hibernate\lib\xerces-2.6.2.jar;C:\Users\smpatel\workspace\2014-10-24_Hibernate\lib\xml-apis.jar;C:\Users\smpatel\workspace\2014-10-24_Hibernate\ojdbc6.jar, user.name=smpatel, java.vm.specification.version=1.7, sun.java.command=mainpack.MainApp, java.home=C:\Program Files\Java\jre7, sun.arch.data.model=64, hibernate.connection.url=jdbc:oracle:thin:@ma-india238:1522:ORA11GIN, hibernate.dialect=org.hibernate.dialect.OracleDialect, user.language=en, java.specification.vendor=Oracle Corporation, awt.toolkit=sun.awt.windows.WToolkit, hibernate.cglib.use_reflection_optimizer=true, java.vm.info=mixed mode, java.version=1.7.0_67, java.ext.dirs=C:\Program Files\Java\jre7\lib\ext;C:\windows\Sun\Java\lib\ext, sun.boot.class.path=C:\Program Files\Java\jre7\lib\resources.jar;C:\Program Files\Java\jre7\lib\rt.jar;C:\Program Files\Java\jre7\lib\sunrsasign.jar;C:\Program Files\Java\jre7\lib\jsse.jar;C:\Program Files\Java\jre7\lib\jce.jar;C:\Program Files\Java\jre7\lib\charsets.jar;C:\Program Files\Java\jre7\lib\jfr.jar;C:\Program Files\Java\jre7\classes, java.vendor=Oracle Corporation, file.separator=\, java.vendor.url.bug=http://bugreport.sun.com/bugreport/, sun.io.unicode.encoding=UnicodeLittle, sun.cpu.endian=little, sun.desktop=windows, sun.cpu.isalist=amd64}
[31/10/14 10:26:29:029 IST]  WARN config.Configurator: No configuration found. Configuring ehcache from ehcache-failsafe.xml found in the classpath: jar:file:/C:/Users/smpatel/workspace/2014-10-24_Hibernate/lib/ehcache-1.1.jar!/ehcache-failsafe.xml
[31/10/14 10:26:29:029 IST] DEBUG entity.BasicEntityPersister: Static SQL for entity: model.entities.Employee
[31/10/14 10:26:29:029 IST] DEBUG entity.BasicEntityPersister:  Version select: select eid from EMPLOYEE where eid =?
[31/10/14 10:26:29:029 IST] DEBUG entity.BasicEntityPersister:  Snapshot select: select employee_.eid, employee_.FIRST_NAME as FIRST2_0_, employee_.LAST_NAME as LAST3_0_, employee_.SALARY as SALARY0_, employee_.PHONE as PHONE0_ from EMPLOYEE employee_ where employee_.eid=?
[31/10/14 10:26:29:029 IST] DEBUG entity.BasicEntityPersister:  Insert 0: insert into EMPLOYEE (FIRST_NAME, LAST_NAME, SALARY, PHONE, eid) values (?, ?, ?, ?, ?)
[31/10/14 10:26:29:029 IST] DEBUG entity.BasicEntityPersister:  Update 0: update EMPLOYEE set FIRST_NAME=?, LAST_NAME=?, SALARY=?, PHONE=? where eid=?
[31/10/14 10:26:29:029 IST] DEBUG entity.BasicEntityPersister:  Delete 0: delete from EMPLOYEE where eid=?
[31/10/14 10:26:29:029 IST] DEBUG entity.EntityLoader: Static select for entity model.entities.Employee: select employee0_.eid as eid0_, employee0_.FIRST_NAME as FIRST2_0_0_, employee0_.LAST_NAME as LAST3_0_0_, employee0_.SALARY as SALARY0_0_, employee0_.PHONE as PHONE0_0_ from EMPLOYEE employee0_ where employee0_.eid=?
[31/10/14 10:26:29:029 IST] DEBUG entity.EntityLoader: Static select for entity model.entities.Employee: select employee0_.eid as eid0_, employee0_.FIRST_NAME as FIRST2_0_0_, employee0_.LAST_NAME as LAST3_0_0_, employee0_.SALARY as SALARY0_0_, employee0_.PHONE as PHONE0_0_ from EMPLOYEE employee0_ where employee0_.eid=?
[31/10/14 10:26:29:029 IST] DEBUG entity.EntityLoader: Static select for entity model.entities.Employee: select employee0_.eid as eid0_, employee0_.FIRST_NAME as FIRST2_0_0_, employee0_.LAST_NAME as LAST3_0_0_, employee0_.SALARY as SALARY0_0_, employee0_.PHONE as PHONE0_0_ from EMPLOYEE employee0_ where employee0_.eid=? for update
[31/10/14 10:26:29:029 IST] DEBUG entity.EntityLoader: Static select for entity model.entities.Employee: select employee0_.eid as eid0_, employee0_.FIRST_NAME as FIRST2_0_0_, employee0_.LAST_NAME as LAST3_0_0_, employee0_.SALARY as SALARY0_0_, employee0_.PHONE as PHONE0_0_ from EMPLOYEE employee0_ where employee0_.eid=? for update nowait
[31/10/14 10:26:29:029 IST] DEBUG impl.SessionFactoryObjectFactory: initializing class SessionFactoryObjectFactory
[31/10/14 10:26:29:029 IST] DEBUG impl.SessionFactoryObjectFactory: registered: 8ad092a549648fda0149648fdb070000 (unnamed)
[31/10/14 10:26:29:029 IST]  INFO impl.SessionFactoryObjectFactory: Not binding factory to JNDI, no JNDI name configured
[31/10/14 10:26:29:029 IST] DEBUG impl.SessionFactoryImpl: instantiated session factory
[31/10/14 10:26:29:029 IST]  INFO impl.SessionFactoryImpl: Checking 0 named queries
[31/10/14 10:26:29:029 IST] DEBUG impl.SessionImpl: opened session
[31/10/14 10:26:29:029 IST] DEBUG transaction.JDBCTransaction: begin
[31/10/14 10:26:29:029 IST] DEBUG jdbc.AbstractBatcher: opening JDBC connection
[31/10/14 10:26:29:029 IST] DEBUG connection.DriverManagerConnectionProvider: total checked-out connections: 0
[31/10/14 10:26:29:029 IST] DEBUG connection.DriverManagerConnectionProvider: using pooled JDBC connection, pool size: 0
[31/10/14 10:26:29:029 IST] DEBUG transaction.JDBCTransaction: current autocommit status: false
[31/10/14 10:26:29:029 IST] DEBUG impl.SessionImpl: find: FROM Employee
[31/10/14 10:26:29:029 IST] DEBUG engine.QueryParameters: named parameters: {}
[31/10/14 10:26:29:029 IST] DEBUG ast.QueryTranslatorImpl: parse() - HQL: FROM model.entities.Employee
[31/10/14 10:26:29:029 IST] DEBUG hql.AST: --- HQL AST ---
 \-[QUERY] CommonAST: 'query'
    \-[SELECT_FROM] CommonAST: 'SELECT_FROM'
       \-[FROM] CommonAST: 'FROM'
          \-[DOT] CommonAST: '.'
             +-[DOT] CommonAST: '.'
             |  +-[IDENT] CommonAST: 'model'
             |  \-[IDENT] CommonAST: 'entities'
             \-[IDENT] CommonAST: 'Employee'

[31/10/14 10:26:29:029 IST] DEBUG antlr.HqlSqlBaseWalker: query() << begin, level = 1
[31/10/14 10:26:29:029 IST] DEBUG ast.FromElement: model.entities.Employee (no alias) -> employee0_
[31/10/14 10:26:29:029 IST] DEBUG antlr.HqlSqlBaseWalker: query() : finishing up... 
[31/10/14 10:26:29:029 IST] DEBUG ast.HqlSqlWalker: Derived SELECT clause created.
[31/10/14 10:26:29:029 IST] DEBUG ast.JoinProcessor: Using FROM fragment [EMPLOYEE employee0_]
[31/10/14 10:26:29:029 IST] DEBUG antlr.HqlSqlBaseWalker: query() >> end, level = 1
[31/10/14 10:26:29:029 IST] DEBUG hql.AST: --- SQL AST ---
 \-[SELECT] QueryNode: 'SELECT'  querySpaces (EMPLOYEE)
    +-[SELECT_CLAUSE] SelectClause: '{derived select clause}'
    |  +-[SELECT_EXPR] SelectExpressionImpl: 'employee0_.eid as eid' {FromElement{explicit,not a collection join,classAlias=null,role=null,tableName=EMPLOYEE,tableAlias=employee0_,colums={,className=model.entities.Employee}}}
    |  \-[SQL_TOKEN] SqlFragment: 'employee0_.FIRST_NAME as FIRST2_0_, employee0_.LAST_NAME as LAST3_0_, employee0_.SALARY as SALARY0_, employee0_.PHONE as PHONE0_'
    \-[FROM] FromClause: 'FROM' FromClause{FROM}
       \-[FROM_FRAGMENT] FromElement: 'EMPLOYEE employee0_' FromElement{explicit,not a collection join,classAlias=null,role=null,tableName=EMPLOYEE,tableAlias=employee0_,colums={,className=model.entities.Employee}}

[31/10/14 10:26:29:029 IST] DEBUG ast.QueryTranslatorImpl: HQL: FROM model.entities.Employee
[31/10/14 10:26:29:029 IST] DEBUG ast.QueryTranslatorImpl: SQL: select employee0_.eid as eid, employee0_.FIRST_NAME as FIRST2_0_, employee0_.LAST_NAME as LAST3_0_, employee0_.SALARY as SALARY0_, employee0_.PHONE as PHONE0_ from EMPLOYEE employee0_
[31/10/14 10:26:29:029 IST] DEBUG jdbc.AbstractBatcher: about to open PreparedStatement (open PreparedStatements: 0, globally: 0)
[31/10/14 10:26:29:029 IST] DEBUG hibernate.SQL: select employee0_.eid as eid, employee0_.FIRST_NAME as FIRST2_0_, employee0_.LAST_NAME as LAST3_0_, employee0_.SALARY as SALARY0_, employee0_.PHONE as PHONE0_ from EMPLOYEE employee0_
[31/10/14 10:26:29:029 IST] DEBUG jdbc.AbstractBatcher: preparing statement
[31/10/14 10:26:29:029 IST] DEBUG jdbc.AbstractBatcher: about to open ResultSet (open ResultSets: 0, globally: 0)
[31/10/14 10:26:29:029 IST] DEBUG loader.Loader: processing result set
[31/10/14 10:26:29:029 IST] DEBUG loader.Loader: result set row: 0
[31/10/14 10:26:29:029 IST] DEBUG type.IntegerType: returning '22' as column: eid
[31/10/14 10:26:29:029 IST] DEBUG loader.Loader: result row: EntityKey[model.entities.Employee#22]
[31/10/14 10:26:29:029 IST] DEBUG loader.Loader: Initializing object from ResultSet: [model.entities.Employee#22]
[31/10/14 10:26:29:029 IST] DEBUG entity.BasicEntityPersister: Hydrating entity: [model.entities.Employee#22]
[31/10/14 10:26:29:029 IST] DEBUG type.StringType: returning 'Piyush' as column: FIRST2_0_
[31/10/14 10:26:29:029 IST] DEBUG type.StringType: returning 'Mittal' as column: LAST3_0_
[31/10/14 10:26:29:029 IST] DEBUG type.IntegerType: returning '57000' as column: SALARY0_
[31/10/14 10:26:29:029 IST] DEBUG type.StringType: returning '67858624' as column: PHONE0_
[31/10/14 10:26:29:029 IST] DEBUG loader.Loader: done processing result set (1 rows)
[31/10/14 10:26:29:029 IST] DEBUG jdbc.AbstractBatcher: about to close ResultSet (open ResultSets: 1, globally: 1)
[31/10/14 10:26:29:029 IST] DEBUG jdbc.AbstractBatcher: about to close PreparedStatement (open PreparedStatements: 1, globally: 1)
[31/10/14 10:26:29:029 IST] DEBUG jdbc.AbstractBatcher: closing statement
[31/10/14 10:26:29:029 IST] DEBUG loader.Loader: total objects hydrated: 1
[31/10/14 10:26:29:029 IST] DEBUG engine.TwoPhaseLoad: resolving associations for [model.entities.Employee#22]
[31/10/14 10:26:29:029 IST] DEBUG engine.TwoPhaseLoad: done materializing entity [model.entities.Employee#22]
[31/10/14 10:26:29:029 IST] DEBUG engine.PersistenceContext: initializing non-lazy collections
[31/10/14 10:26:29:029 IST] DEBUG transaction.JDBCTransaction: commit
[31/10/14 10:26:29:029 IST] DEBUG impl.SessionImpl: automatically flushing session
[31/10/14 10:26:29:029 IST] DEBUG def.AbstractFlushingEventListener: flushing session
[31/10/14 10:26:29:029 IST] DEBUG def.AbstractFlushingEventListener: processing flush-time cascades
[31/10/14 10:26:29:029 IST] DEBUG def.AbstractFlushingEventListener: dirty checking collections
[31/10/14 10:26:29:029 IST] DEBUG def.AbstractFlushingEventListener: Flushing entities and processing referenced collections
[31/10/14 10:26:29:029 IST] DEBUG def.AbstractFlushingEventListener: Processing unreferenced collections
[31/10/14 10:26:29:029 IST] DEBUG def.AbstractFlushingEventListener: Scheduling collection removes/(re)creates/updates
[31/10/14 10:26:29:029 IST] DEBUG def.AbstractFlushingEventListener: Flushed: 0 insertions, 0 updates, 0 deletions to 1 objects
[31/10/14 10:26:29:029 IST] DEBUG def.AbstractFlushingEventListener: Flushed: 0 (re)creations, 0 updates, 0 removals to 0 collections
[31/10/14 10:26:29:029 IST] DEBUG pretty.Printer: listing entities:
[31/10/14 10:26:29:029 IST] DEBUG pretty.Printer: model.entities.Employee{first_name=Piyush, phone=67858624, last_name=Mittal, salary=57000, eid=22}
[31/10/14 10:26:29:029 IST] DEBUG def.AbstractFlushingEventListener: executing flush
[31/10/14 10:26:29:029 IST] DEBUG def.AbstractFlushingEventListener: post flush
[31/10/14 10:26:29:029 IST] DEBUG jdbc.JDBCContext: before transaction completion
[31/10/14 10:26:29:029 IST] DEBUG impl.SessionImpl: before transaction completion
[31/10/14 10:26:29:029 IST] DEBUG transaction.JDBCTransaction: committed JDBC Connection
[31/10/14 10:26:29:029 IST] DEBUG jdbc.JDBCContext: after transaction completion
[31/10/14 10:26:29:029 IST] DEBUG impl.SessionImpl: after transaction completion
[31/10/14 10:26:29:029 IST] DEBUG impl.SessionImpl: closing session
[31/10/14 10:26:29:029 IST] DEBUG jdbc.AbstractBatcher: closing JDBC connection (open PreparedStatements: 0, globally: 0) (open ResultSets: 0, globally: 0)
[31/10/14 10:26:29:029 IST] DEBUG connection.DriverManagerConnectionProvider: returning connection to pool, pool size: 1
[31/10/14 10:26:29:029 IST] DEBUG jdbc.JDBCContext: after transaction completion
[31/10/14 10:26:29:029 IST] DEBUG impl.SessionImpl: after transaction completion
